  Source.c
c:\users\s7145103\source\repos\a03-a00396139\a03-a00396139\source.c(179): warning C4305: 'initializing': truncation from 'double' to 'GLfloat'
c:\users\s7145103\source\repos\a03-a00396139\a03-a00396139\source.c(206): warning C4305: 'initializing': truncation from 'double' to 'GLfloat'
c:\users\s7145103\source\repos\a03-a00396139\a03-a00396139\source.c(213): warning C4305: 'initializing': truncation from 'double' to 'GLfloat'
c:\users\s7145103\source\repos\a03-a00396139\a03-a00396139\source.c(215): warning C4305: 'initializing': truncation from 'double' to 'GLfloat'
c:\users\s7145103\source\repos\a03-a00396139\a03-a00396139\source.c(216): warning C4305: 'initializing': truncation from 'double' to 'GLfloat'
c:\users\s7145103\source\repos\a03-a00396139\a03-a00396139\source.c(219): warning C4305: 'initializing': truncation from 'double' to 'GLfloat'
c:\users\s7145103\source\repos\a03-a00396139\a03-a00396139\source.c(220): warning C4305: 'initializing': truncation from 'double' to 'GLfloat'
c:\users\s7145103\source\repos\a03-a00396139\a03-a00396139\source.c(231): error C2057: expected constant expression
c:\users\s7145103\source\repos\a03-a00396139\a03-a00396139\source.c(231): error C2466: cannot allocate an array of constant size 0
c:\users\s7145103\source\repos\a03-a00396139\a03-a00396139\source.c(231): error C2087: 'map': missing subscript
c:\users\s7145103\source\repos\a03-a00396139\a03-a00396139\source.c(231): error C2087: 'jitterX': missing subscript
c:\users\s7145103\source\repos\a03-a00396139\a03-a00396139\source.c(231): error C2087: 'jitterZ': missing subscript
c:\users\s7145103\source\repos\a03-a00396139\a03-a00396139\source.c(232): error C2057: expected constant expression
c:\users\s7145103\source\repos\a03-a00396139\a03-a00396139\source.c(232): error C2466: cannot allocate an array of constant size 0
c:\users\s7145103\source\repos\a03-a00396139\a03-a00396139\source.c(232): error C2087: 'map': missing subscript
c:\users\s7145103\source\repos\a03-a00396139\a03-a00396139\source.c(300): warning C4244: 'function': conversion from 'float' to 'unsigned int', possible loss of data
c:\users\s7145103\source\repos\a03-a00396139\a03-a00396139\source.c(297): warning C4244: 'initializing': conversion from 'time_t' to 'float', possible loss of data
c:\users\s7145103\source\repos\a03-a00396139\a03-a00396139\source.c(391): error C2057: expected constant expression
c:\users\s7145103\source\repos\a03-a00396139\a03-a00396139\source.c(391): error C2466: cannot allocate an array of constant size 0
c:\users\s7145103\source\repos\a03-a00396139\a03-a00396139\source.c(391): error C2087: 'map': missing subscript
c:\users\s7145103\source\repos\a03-a00396139\a03-a00396139\source.c(439): warning C4244: 'initializing': conversion from 'double' to 'float', possible loss of data
c:\users\s7145103\source\repos\a03-a00396139\a03-a00396139\source.c(450): error C2057: expected constant expression
c:\users\s7145103\source\repos\a03-a00396139\a03-a00396139\source.c(450): error C2466: cannot allocate an array of constant size 0
c:\users\s7145103\source\repos\a03-a00396139\a03-a00396139\source.c(450): error C2087: 'map': missing subscript
c:\users\s7145103\source\repos\a03-a00396139\a03-a00396139\source.c(450): error C2087: 'jitterX': missing subscript
c:\users\s7145103\source\repos\a03-a00396139\a03-a00396139\source.c(450): error C2087: 'jitterZ': missing subscript
c:\users\s7145103\source\repos\a03-a00396139\a03-a00396139\source.c(478): error C2057: expected constant expression
c:\users\s7145103\source\repos\a03-a00396139\a03-a00396139\source.c(478): error C2466: cannot allocate an array of constant size 0
c:\users\s7145103\source\repos\a03-a00396139\a03-a00396139\source.c(478): error C2087: 'map': missing subscript
c:\users\s7145103\source\repos\a03-a00396139\a03-a00396139\source.c(478): error C2133: 'map': unknown size
c:\users\s7145103\source\repos\a03-a00396139\a03-a00396139\source.c(479): error C2057: expected constant expression
c:\users\s7145103\source\repos\a03-a00396139\a03-a00396139\source.c(479): error C2466: cannot allocate an array of constant size 0
c:\users\s7145103\source\repos\a03-a00396139\a03-a00396139\source.c(479): error C2087: 'jitterX': missing subscript
c:\users\s7145103\source\repos\a03-a00396139\a03-a00396139\source.c(479): error C2133: 'jitterX': unknown size
c:\users\s7145103\source\repos\a03-a00396139\a03-a00396139\source.c(480): error C2057: expected constant expression
c:\users\s7145103\source\repos\a03-a00396139\a03-a00396139\source.c(480): error C2466: cannot allocate an array of constant size 0
c:\users\s7145103\source\repos\a03-a00396139\a03-a00396139\source.c(480): error C2087: 'jitterZ': missing subscript
c:\users\s7145103\source\repos\a03-a00396139\a03-a00396139\source.c(480): error C2133: 'jitterZ': unknown size
c:\users\s7145103\source\repos\a03-a00396139\a03-a00396139\source.c(522): warning C4244: 'function': conversion from 'int' to 'float', possible loss of data
c:\users\s7145103\source\repos\a03-a00396139\a03-a00396139\source.c(537): warning C4244: 'function': conversion from 'int' to 'float', possible loss of data
c:\users\s7145103\source\repos\a03-a00396139\a03-a00396139\source.c(549): warning C4244: 'function': conversion from 'int' to 'float', possible loss of data
c:\users\s7145103\source\repos\a03-a00396139\a03-a00396139\source.c(484): warning C4244: 'initializing': conversion from 'double' to 'float', possible loss of data
c:\users\s7145103\source\repos\a03-a00396139\a03-a00396139\source.c(596): warning C4244: 'function': conversion from 'double' to 'GLfloat', possible loss of data
c:\users\s7145103\source\repos\a03-a00396139\a03-a00396139\source.c(600): warning C4244: 'function': conversion from 'int' to 'float', possible loss of data
c:\users\s7145103\source\repos\a03-a00396139\a03-a00396139\source.c(587): warning C4244: 'initializing': conversion from 'int' to 'float', possible loss of data
c:\users\s7145103\source\repos\a03-a00396139\a03-a00396139\source.c(663): warning C4244: 'function': conversion from 'double' to 'GLfloat', possible loss of data
c:\users\s7145103\source\repos\a03-a00396139\a03-a00396139\source.c(686): warning C4305: 'function': truncation from 'double' to 'GLfloat'
c:\users\s7145103\source\repos\a03-a00396139\a03-a00396139\source.c(718): warning C4244: 'return': conversion from 'int' to 'float', possible loss of data
c:\users\s7145103\source\repos\a03-a00396139\a03-a00396139\source.c(720): warning C4244: 'return': conversion from 'int' to 'float', possible loss of data
c:\users\s7145103\source\repos\a03-a00396139\a03-a00396139\source.c(750): warning C4305: 'function': truncation from 'double' to 'GLfloat'
c:\users\s7145103\source\repos\a03-a00396139\a03-a00396139\source.c(769): warning C4305: 'function': truncation from 'double' to 'GLfloat'
c:\users\s7145103\source\repos\a03-a00396139\a03-a00396139\source.c(770): warning C4305: 'initializing': truncation from 'double' to 'GLfloat'
c:\users\s7145103\source\repos\a03-a00396139\a03-a00396139\source.c(784): warning C4305: 'initializing': truncation from 'double' to 'GLfloat'
c:\users\s7145103\source\repos\a03-a00396139\a03-a00396139\source.c(896): warning C4013: 'fopen_s_s' undefined; assuming extern returning int
c:\users\s7145103\source\repos\a03-a00396139\a03-a00396139\source.c(896): warning C4047: '=': 'FILE *' differs in levels of indirection from 'int'
c:\users\s7145103\source\repos\a03-a00396139\a03-a00396139\source.c(1007): error C2198: 'strtok_s': too few arguments for call
c:\users\s7145103\source\repos\a03-a00396139\a03-a00396139\source.c(1029): error C2198: 'strtok_s': too few arguments for call
c:\users\s7145103\source\repos\a03-a00396139\a03-a00396139\source.c(929): warning C4473: 'sscanf_s' : not enough arguments passed for format string
  c:\users\s7145103\source\repos\a03-a00396139\a03-a00396139\source.c(929): note: placeholders and their parameters expect 2 variadic arguments, but 1 were provided
  c:\users\s7145103\source\repos\a03-a00396139\a03-a00396139\source.c(929): note: the missing variadic argument 2 is required by format string '%s'
  c:\users\s7145103\source\repos\a03-a00396139\a03-a00396139\source.c(929): note: this argument is used as a buffer size
c:\users\s7145103\source\repos\a03-a00396139\a03-a00396139\source.c(1003): warning C4473: 'sscanf_s' : not enough arguments passed for format string
  c:\users\s7145103\source\repos\a03-a00396139\a03-a00396139\source.c(1003): note: placeholders and their parameters expect 2 variadic arguments, but 1 were provided
  c:\users\s7145103\source\repos\a03-a00396139\a03-a00396139\source.c(1003): note: the missing variadic argument 2 is required by format string '%c'
  c:\users\s7145103\source\repos\a03-a00396139\a03-a00396139\source.c(1003): note: this argument is used as a buffer size
c:\users\s7145103\source\repos\a03-a00396139\a03-a00396139\source.c(1054): warning C4090: 'function': different 'const' qualifiers
c:\users\s7145103\source\repos\a03-a00396139\a03-a00396139\source.c(1054): error C2198: 'fopen_s': too few arguments for call
c:\users\s7145103\source\repos\a03-a00396139\a03-a00396139\source.c(1054): warning C4047: '=': 'FILE *' differs in levels of indirection from 'errno_t'
c:\users\s7145103\source\repos\a03-a00396139\a03-a00396139\source.c(1077): warning C4244: 'function': conversion from 'int' to 'GLfloat', possible loss of data
c:\users\s7145103\source\repos\a03-a00396139\a03-a00396139\source.c(1079): warning C4244: 'function': conversion from 'int' to 'GLfloat', possible loss of data
c:\users\s7145103\source\repos\a03-a00396139\a03-a00396139\source.c(1224): warning C4244: 'function': conversion from 'GLfloat' to 'GLenum', possible loss of data
c:\users\s7145103\source\repos\a03-a00396139\a03-a00396139\source.c(1225): warning C4244: 'function': conversion from 'GLfloat' to 'GLenum', possible loss of data
c:\users\s7145103\source\repos\a03-a00396139\a03-a00396139\source.c(1228): warning C4305: 'initializing': truncation from 'double' to 'GLfloat'
c:\users\s7145103\source\repos\a03-a00396139\a03-a00396139\source.c(1252): warning C4244: 'initializing': conversion from 'GLdouble' to 'float', possible loss of data
c:\users\s7145103\source\repos\a03-a00396139\a03-a00396139\source.c(1307): error C2065: 'M_PI': undeclared identifier
c:\users\s7145103\source\repos\a03-a00396139\a03-a00396139\source.c(1311): error C2065: 'M_PI': undeclared identifier
c:\users\s7145103\source\repos\a03-a00396139\a03-a00396139\source.c(1317): error C2065: 'M_PI': undeclared identifier
c:\users\s7145103\source\repos\a03-a00396139\a03-a00396139\source.c(1307): warning C4244: 'initializing': conversion from 'double' to 'float', possible loss of data
c:\users\s7145103\source\repos\a03-a00396139\a03-a00396139\source.c(1308): warning C4244: 'initializing': conversion from 'double' to 'float', possible loss of data
c:\users\s7145103\source\repos\a03-a00396139\a03-a00396139\source.c(1309): warning C4244: 'initializing': conversion from 'double' to 'float', possible loss of data
c:\users\s7145103\source\repos\a03-a00396139\a03-a00396139\source.c(1311): warning C4244: 'initializing': conversion from 'double' to 'float', possible loss of data
c:\users\s7145103\source\repos\a03-a00396139\a03-a00396139\source.c(1312): warning C4244: 'initializing': conversion from 'double' to 'float', possible loss of data
c:\users\s7145103\source\repos\a03-a00396139\a03-a00396139\source.c(1313): warning C4244: 'initializing': conversion from 'double' to 'float', possible loss of data
c:\users\s7145103\source\repos\a03-a00396139\a03-a00396139\source.c(1319): warning C4244: 'initializing': conversion from 'double' to 'float', possible loss of data
c:\users\s7145103\source\repos\a03-a00396139\a03-a00396139\source.c(1321): warning C4244: 'initializing': conversion from 'double' to 'float', possible loss of data
c:\users\s7145103\source\repos\a03-a00396139\a03-a00396139\source.c(1370): warning C4244: '=': conversion from 'GLdouble' to 'float', possible loss of data
c:\users\s7145103\source\repos\a03-a00396139\a03-a00396139\source.c(1371): warning C4244: '=': conversion from 'GLdouble' to 'float', possible loss of data
c:\users\s7145103\source\repos\a03-a00396139\a03-a00396139\source.c(1372): warning C4244: '=': conversion from 'GLdouble' to 'float', possible loss of data
c:\users\s7145103\source\repos\a03-a00396139\a03-a00396139\source.c(1374): warning C4244: 'function': conversion from 'GLfloat' to 'int', possible loss of data
c:\users\s7145103\source\repos\a03-a00396139\a03-a00396139\source.c(1376): warning C4244: 'function': conversion from 'GLfloat' to 'int', possible loss of data
c:\users\s7145103\source\repos\a03-a00396139\a03-a00396139\source.c(1403): warning C4244: '+=': conversion from 'double' to 'float', possible loss of data
c:\users\s7145103\source\repos\a03-a00396139\a03-a00396139\source.c(1404): warning C4244: '+=': conversion from 'double' to 'float', possible loss of data
c:\users\s7145103\source\repos\a03-a00396139\a03-a00396139\source.c(1405): warning C4244: '+=': conversion from 'double' to 'float', possible loss of data
c:\users\s7145103\source\repos\a03-a00396139\a03-a00396139\source.c(1414): warning C4244: '+=': conversion from 'double' to 'GLfloat', possible loss of data
c:\users\s7145103\source\repos\a03-a00396139\a03-a00396139\source.c(1610): error C2065: 'M_PI': undeclared identifier
c:\users\s7145103\source\repos\a03-a00396139\a03-a00396139\source.c(1611): warning C4244: 'function': conversion from 'GLdouble' to 'GLfloat', possible loss of data
c:\users\s7145103\source\repos\a03-a00396139\a03-a00396139\source.c(1638): warning C4244: 'function': conversion from 'GLdouble' to 'float', possible loss of data
c:\users\s7145103\source\repos\a03-a00396139\a03-a00396139\source.c(1496): warning C4244: 'initializing': conversion from 'GLdouble' to 'float', possible loss of data
c:\users\s7145103\source\repos\a03-a00396139\a03-a00396139\source.c(1687): warning C4244: 'function': conversion from 'GLfloat' to 'GLenum', possible loss of data
c:\users\s7145103\source\repos\a03-a00396139\a03-a00396139\source.c(1688): warning C4244: 'function': conversion from 'GLfloat' to 'GLenum', possible loss of data
c:\users\s7145103\source\repos\a03-a00396139\a03-a00396139\source.c(1722): warning C4244: 'function': conversion from 'time_t' to 'unsigned int', possible loss of data
