  main.cpp
c:\users\s7145103\flightsim\flightsim\jon\a03-a00396139\main.cpp(17): warning C4305: 'initializing': truncation from 'double' to 'GLfloat'
c:\users\s7145103\flightsim\flightsim\jon\a03-a00396139\main.cpp(39): warning C4838: conversion from 'double' to 'GLfloat' requires a narrowing conversion
c:\users\s7145103\flightsim\flightsim\jon\a03-a00396139\main.cpp(39): warning C4305: 'initializing': truncation from 'double' to 'GLfloat'
c:\users\s7145103\flightsim\flightsim\jon\a03-a00396139\main.cpp(49): warning C4838: conversion from 'double' to 'GLfloat' requires a narrowing conversion
c:\users\s7145103\flightsim\flightsim\jon\a03-a00396139\main.cpp(49): warning C4305: 'initializing': truncation from 'double' to 'GLfloat'
c:\users\s7145103\flightsim\flightsim\jon\a03-a00396139\main.cpp(51): warning C4838: conversion from 'double' to 'GLfloat' requires a narrowing conversion
c:\users\s7145103\flightsim\flightsim\jon\a03-a00396139\main.cpp(51): warning C4305: 'initializing': truncation from 'double' to 'GLfloat'
c:\users\s7145103\flightsim\flightsim\jon\a03-a00396139\main.cpp(52): warning C4838: conversion from 'double' to 'GLfloat' requires a narrowing conversion
c:\users\s7145103\flightsim\flightsim\jon\a03-a00396139\main.cpp(52): warning C4305: 'initializing': truncation from 'double' to 'GLfloat'
c:\users\s7145103\flightsim\flightsim\jon\a03-a00396139\main.cpp(55): warning C4838: conversion from 'double' to 'GLfloat' requires a narrowing conversion
c:\users\s7145103\flightsim\flightsim\jon\a03-a00396139\main.cpp(55): warning C4305: 'initializing': truncation from 'double' to 'GLfloat'
c:\users\s7145103\flightsim\flightsim\jon\a03-a00396139\main.cpp(56): warning C4838: conversion from 'double' to 'GLfloat' requires a narrowing conversion
c:\users\s7145103\flightsim\flightsim\jon\a03-a00396139\main.cpp(56): warning C4305: 'initializing': truncation from 'double' to 'GLfloat'
c:\users\s7145103\flightsim\flightsim\jon\a03-a00396139\main.cpp(30): warning C4244: 'initializing': conversion from 'const GLfloat' to 'int', possible loss of data
c:\users\s7145103\flightsim\flightsim\jon\a03-a00396139\main.cpp(269): warning C4305: 'argument': truncation from 'double' to 'GLfloat'
c:\users\s7145103\flightsim\flightsim\jon\a03-a00396139\main.cpp(273): warning C4244: 'argument': conversion from 'int' to 'GLfloat', possible loss of data
c:\users\s7145103\flightsim\flightsim\jon\a03-a00396139\main.cpp(276): warning C4244: 'argument': conversion from 'int' to 'GLfloat', possible loss of data
c:\users\s7145103\flightsim\flightsim\jon\a03-a00396139\main.cpp(279): warning C4244: 'argument': conversion from 'int' to 'GLfloat', possible loss of data
c:\users\s7145103\flightsim\flightsim\jon\a03-a00396139\main.cpp(282): warning C4244: 'argument': conversion from 'int' to 'GLfloat', possible loss of data
c:\users\s7145103\flightsim\flightsim\jon\a03-a00396139\main.cpp(262): warning C4101: 'z': unreferenced local variable
c:\users\s7145103\flightsim\flightsim\jon\a03-a00396139\main.cpp(262): warning C4101: 'x': unreferenced local variable
c:\users\s7145103\flightsim\flightsim\jon\a03-a00396139\main.cpp(343): warning C4305: '-=': truncation from 'double' to 'GLfloat'
c:\users\s7145103\flightsim\flightsim\jon\a03-a00396139\main.cpp(344): warning C4305: '+=': truncation from 'double' to 'GLfloat'
c:\users\s7145103\flightsim\flightsim\jon\a03-a00396139\main.cpp(345): warning C4305: '-=': truncation from 'double' to 'GLfloat'
c:\users\s7145103\flightsim\flightsim\jon\a03-a00396139\main.cpp(346): warning C4305: '+=': truncation from 'double' to 'GLfloat'
c:\users\s7145103\flightsim\flightsim\jon\a03-a00396139\main.cpp(347): warning C4305: '-=': truncation from 'double' to 'GLfloat'
c:\users\s7145103\flightsim\flightsim\jon\a03-a00396139\main.cpp(348): warning C4305: '+=': truncation from 'double' to 'GLfloat'
c:\users\s7145103\flightsim\flightsim\jon\a03-a00396139\main.cpp(350): warning C4305: '=': truncation from 'double' to 'GLfloat'
c:\users\s7145103\flightsim\flightsim\jon\a03-a00396139\main.cpp(351): warning C4305: '=': truncation from 'double' to 'GLfloat'
c:\users\s7145103\flightsim\flightsim\jon\a03-a00396139\main.cpp(353): warning C4305: '=': truncation from 'double' to 'GLfloat'
c:\users\s7145103\flightsim\flightsim\jon\a03-a00396139\main.cpp(354): warning C4305: '=': truncation from 'double' to 'GLfloat'
c:\users\s7145103\flightsim\flightsim\jon\a03-a00396139\main.cpp(356): warning C4305: '=': truncation from 'double' to 'GLfloat'
c:\users\s7145103\flightsim\flightsim\jon\a03-a00396139\main.cpp(357): warning C4305: '=': truncation from 'double' to 'GLfloat'
  A03-A00396139.vcxproj -> C:\Users\s7145103\flightsim\FlightSim\jon\x64\Debug\A03-A00396139.exe
